<?xml version="1.0" encoding="UTF-8"?>
<!-- Generated by org.testng.reporters.JUnitReportReporter -->
<testsuite skipped="0" hostname="CDC2-L-JG7TLC2" name="Assignment.testNGAssignment" tests="3" failures="0" timestamp="15 Jul 2019 05:24:44 GMT" time="15.654" errors="0">
  <testcase name="loginTest" time="0.239" classname="Assignment.testNGAssignment"/>
  <testcase name="login" time="3.450" classname="Assignment.testNGAssignment"/>
  <testcase name="listcategory" time="11.965" classname="Assignment.testNGAssignment"/>
</testsuite> <!-- Assignment.testNGAssignment -->
